<?xml version="1.0" encoding="UTF-8"?>
<!-- Generated by org.testng.reporters.JUnitReportReporter -->
<testsuite name="com.automation.testscripts.LoginTest" tests="2" time="26.554" ignored="0" failures="0" timestamp="25 Sep 2017 19:16:05 GMT" skipped="0" hostname="DESKTOP-02QTJU3" errors="0">
  <testcase name="login" time="13.428" classname="com.automation.testscripts.LoginTest"/>
  <testcase name="login" time="13.126" classname="com.automation.testscripts.LoginTest"/>
</testsuite> <!-- com.automation.testscripts.LoginTest -->
